Using pre-set license
Built from '2022.3/staging' branch; Version is '2022.3.8f1 (b5eafc012955) revision 11922172'; Using compiler version '192829333'; Build Type 'Release'
OS: 'Windows 11  (10.0.22631) 64bit Professional' Language: 'en' Physical Memory: 15645 MB
BatchMode: 1, IsHumanControllingUs: 0, StartBugReporterOnCrash: 0, Is64bit: 1, IsPro: 1

COMMAND LINE ARGUMENTS:
D:\Unity transfer\2022.3.8f1\Editor\Unity.exe
-adb2
-batchMode
-noUpm
-name
AssetImportWorker0
-projectPath
D:/rush-hour-puzzle-game/Rush-Hour
-logFile
Logs/AssetImportWorker0.log
-srvPort
3649
Successfully changed project path to: D:/rush-hour-puzzle-game/Rush-Hour
D:/rush-hour-puzzle-game/Rush-Hour
[UnityMemory] Configuration Parameters - Can be set up in boot.config
    "memorysetup-bucket-allocator-granularity=16"
    "memorysetup-bucket-allocator-bucket-count=8"
    "memorysetup-bucket-allocator-block-size=33554432"
    "memorysetup-bucket-allocator-block-count=8"
    "memorysetup-main-allocator-block-size=16777216"
    "memorysetup-thread-allocator-block-size=16777216"
    "memorysetup-gfx-main-allocator-block-size=16777216"
    "memorysetup-gfx-thread-allocator-block-size=16777216"
    "memorysetup-cache-allocator-block-size=4194304"
    "memorysetup-typetree-allocator-block-size=2097152"
    "memorysetup-profiler-bucket-allocator-granularity=16"
    "memorysetup-profiler-bucket-allocator-bucket-count=8"
    "memorysetup-profiler-bucket-allocator-block-size=33554432"
    "memorysetup-profiler-bucket-allocator-block-count=8"
    "memorysetup-profiler-allocator-block-size=16777216"
    "memorysetup-profiler-editor-allocator-block-size=1048576"
    "memorysetup-temp-allocator-size-main=16777216"
    "memorysetup-job-temp-allocator-block-size=2097152"
    "memorysetup-job-temp-allocator-block-size-background=1048576"
    "memorysetup-job-temp-allocator-reduction-small-platforms=262144"
    "memorysetup-allocator-temp-initial-block-size-main=262144"
    "memorysetup-allocator-temp-initial-block-size-worker=262144"
    "memorysetup-temp-allocator-size-background-worker=32768"
    "memorysetup-temp-allocator-size-job-worker=262144"
    "memorysetup-temp-allocator-size-preload-manager=33554432"
    "memorysetup-temp-allocator-size-nav-mesh-worker=65536"
    "memorysetup-temp-allocator-size-audio-worker=65536"
    "memorysetup-temp-allocator-size-cloud-worker=32768"
    "memorysetup-temp-allocator-size-gi-baking-worker=262144"
    "memorysetup-temp-allocator-size-gfx=262144"
Player connection [10208] Host "[IP] 192.168.220.1 [Port] 0 [Flags] 2 [Guid] 1264455230 [EditorId] 1264455230 [Version] 1048832 [Id] WindowsEditor(7,Martin-Notebook) [Debug] 1 [PackageName] WindowsEditor [ProjectName] Editor" joined multi-casting on [225.0.0.222:54997]...

Player connection [10208] Host "[IP] 192.168.220.1 [Port] 0 [Flags] 2 [Guid] 1264455230 [EditorId] 1264455230 [Version] 1048832 [Id] WindowsEditor(7,Martin-Notebook) [Debug] 1 [PackageName] WindowsEditor [ProjectName] Editor" joined alternative multi-casting on [225.0.0.222:34997]...

[Physics::Module] Initialized MultithreadedJobDispatcher with 15 workers.
Refreshing native plugins compatible for Editor in 6.88 ms, found 3 plugins.
Preloading 0 native plugins for Editor in 0.00 ms.
Initialize engine version: 2022.3.8f1 (b5eafc012955)
[Subsystems] Discovering subsystems at path D:/Unity transfer/2022.3.8f1/Editor/Data/Resources/UnitySubsystems
[Subsystems] Discovering subsystems at path D:/rush-hour-puzzle-game/Rush-Hour/Assets
GfxDevice: creating device client; threaded=0; jobified=0
Direct3D:
    Version:  Direct3D 11.0 [level 11.1]
    Renderer: AMD Radeon(TM) Graphics (ID=0x15bf)
    Vendor:   ATI
    VRAM:     7822 MB
    Driver:   31.0.14070.15002
Initialize mono
Mono path[0] = 'D:/Unity transfer/2022.3.8f1/Editor/Data/Managed'
Mono path[1] = 'D:/Unity transfer/2022.3.8f1/Editor/Data/MonoBleedingEdge/lib/mono/unityjit-win32'
Mono config path = 'D:/Unity transfer/2022.3.8f1/Editor/Data/MonoBleedingEdge/etc'
Using monoOptions --debugger-agent=transport=dt_socket,embedding=1,server=y,suspend=n,address=127.0.0.1:56444
Begin MonoManager ReloadAssembly
Registering precompiled unity dll's ...
Register platform support module: D:/Unity transfer/2022.3.8f1/Editor/Data/PlaybackEngines/WebGLSupport/UnityEditor.WebGL.Extensions.dll
Register platform support module: D:/Unity transfer/2022.3.8f1/Editor/Data/PlaybackEngines/AndroidPlayer/UnityEditor.Android.Extensions.dll
Register platform support module: D:/Unity transfer/2022.3.8f1/Editor/Data/PlaybackEngines/WindowsStandaloneSupport/UnityEditor.WindowsStandalone.Extensions.dll
Registered in 0.006306 seconds.
- Loaded All Assemblies, in  0.639 seconds
Native extension for WindowsStandalone target not found
Native extension for Android target not found
Android Extension - Scanning For ADB Devices 418 ms
Native extension for WebGL target not found
Mono: successfully reloaded assembly
- Finished resetting the current domain, in  0.802 seconds
Domain Reload Profiling: 1440ms
	BeginReloadAssembly (242ms)
		ExecutionOrderSort (0ms)
		DisableScriptedObjects (0ms)
		BackupInstance (0ms)
		ReleaseScriptingObjects (0ms)
		CreateAndSetChildDomain (1ms)
	RebuildCommonClasses (59ms)
	RebuildNativeTypeToScriptingClass (13ms)
	initialDomainReloadingComplete (72ms)
	LoadAllAssembliesAndSetupDomain (252ms)
		LoadAssemblies (245ms)
		RebuildTransferFunctionScriptingTraits (0ms)
		AnalyzeDomain (245ms)
			TypeCache.Refresh (243ms)
				TypeCache.ScanAssembly (218ms)
			ScanForSourceGeneratedMonoScriptInfo (1ms)
			ResolveRequiredComponents (1ms)
	FinalizeReload (803ms)
		ReleaseScriptCaches (0ms)
		RebuildScriptCaches (0ms)
		SetupLoadedEditorAssemblies (729ms)
			LogAssemblyErrors (0ms)
			InitializePlatformSupportModulesInManaged (556ms)
			SetLoadedEditorAssemblies (5ms)
			RefreshPlugins (0ms)
			BeforeProcessingInitializeOnLoad (3ms)
			ProcessInitializeOnLoadAttributes (118ms)
			ProcessInitializeOnLoadMethodAttributes (47ms)
			AfterProcessingInitializeOnLoad (0ms)
			EditorAssembliesLoaded (0ms)
		ExecutionOrderSort2 (0ms)
		AwakeInstancesAfterBackupRestoration (0ms)
========================================================================
Worker process is ready to serve import requests
Begin MonoManager ReloadAssembly
- Loaded All Assemblies, in  0.940 seconds
Refreshing native plugins compatible for Editor in 3.34 ms, found 3 plugins.
Native extension for WindowsStandalone target not found
Native extension for Android target not found
Native extension for WebGL target not found
Package Manager log level set to [2]
[Package Manager] Server::EnsureServerProcessIsRunning -- launch failed, reason: Unity was launched with the -noUpm command-line argument
[Package Manager] UpmClient::Send -- Unable to send message (not connected to UPM process).
[Package Manager] Cannot connect to Unity Package Manager local server
Mono: successfully reloaded assembly
- Finished resetting the current domain, in  0.656 seconds
Domain Reload Profiling: 1595ms
	BeginReloadAssembly (282ms)
		ExecutionOrderSort (0ms)
		DisableScriptedObjects (9ms)
		BackupInstance (0ms)
		ReleaseScriptingObjects (0ms)
		CreateAndSetChildDomain (35ms)
	RebuildCommonClasses (50ms)
	RebuildNativeTypeToScriptingClass (19ms)
	initialDomainReloadingComplete (65ms)
	LoadAllAssembliesAndSetupDomain (521ms)
		LoadAssemblies (484ms)
		RebuildTransferFunctionScriptingTraits (0ms)
		AnalyzeDomain (219ms)
			TypeCache.Refresh (196ms)
				TypeCache.ScanAssembly (173ms)
			ScanForSourceGeneratedMonoScriptInfo (17ms)
			ResolveRequiredComponents (4ms)
	FinalizeReload (657ms)
		ReleaseScriptCaches (0ms)
		RebuildScriptCaches (0ms)
		SetupLoadedEditorAssemblies (475ms)
			LogAssemblyErrors (0ms)
			InitializePlatformSupportModulesInManaged (27ms)
			SetLoadedEditorAssemblies (4ms)
			RefreshPlugins (0ms)
			BeforeProcessingInitializeOnLoad (60ms)
			ProcessInitializeOnLoadAttributes (343ms)
			ProcessInitializeOnLoadMethodAttributes (34ms)
			AfterProcessingInitializeOnLoad (8ms)
			EditorAssembliesLoaded (0ms)
		ExecutionOrderSort2 (0ms)
		AwakeInstancesAfterBackupRestoration (12ms)
Launched and connected shader compiler UnityShaderCompiler.exe after 0.06 seconds
Refreshing native plugins compatible for Editor in 2.30 ms, found 3 plugins.
Preloading 0 native plugins for Editor in 0.00 ms.
Unloading 3070 Unused Serialized files (Serialized files now loaded: 0)
Unloading 31 unused Assets / (56.3 KB). Loaded Objects now: 3535.
Memory consumption went from 119.5 MB to 119.4 MB.
Total: 4.622100 ms (FindLiveObjects: 0.350800 ms CreateObjectMapping: 0.231700 ms MarkObjects: 3.795700 ms  DeleteObjects: 0.242200 ms)

AssetImportParameters requested are different than current active one (requested -> active):
  custom:container-demuxer-ogg: 62fdf1f143b41e24485cea50d1cbac27 -> 
  custom:video-codec-MediaFoundation-h265: 746d11721c4dcdbdad8f713fa42b33f4 -> 
  custom:video-decoder-ogg-theora: a1e56fd34408186e4bbccfd4996cb3dc -> 
  custom:framework-win-MediaFoundation: 216162199b28c13a410421893ffa2e32 -> 
  custom:container-demuxer-webm: 4f35f7cbe854078d1ac9338744f61a02 -> 
  custom:container-muxer-webm: aa71ff27fc2769a1b78a27578f13a17b -> 
  custom:video-decoder-webm-vp8: 9c59270c3fd7afecdb556c50c9e8de78 -> 
  custom:SearchIndexIgnoredProperties: e643bd26f0fe6173181afceb89e7c659 -> 
  custom:AudioImporter_EditorPlatform: d09bf68614088b80899f8185d706f6e7 -> 
  custom:video-encoder-webm-vp8: eb34c28f22e8b96e1ab97ce403110664 -> 
  custom:audio-decoder-ogg-vorbis: bf7c407c2cedff20999df2af8eb42d56 -> 
  custom:audio-encoder-webm-vorbis: bf7c407c2cedff20999df2af8eb42d56 -> 
========================================================================
Received Prepare
Refreshing native plugins compatible for Editor in 2.16 ms, found 3 plugins.
Preloading 0 native plugins for Editor in 0.00 ms.
Unloading 1 Unused Serialized files (Serialized files now loaded: 0)
Unloading 1 unused Assets / (3.0 KB). Loaded Objects now: 3535.
Memory consumption went from 70.4 MB to 70.4 MB.
Total: 3.586000 ms (FindLiveObjects: 0.291000 ms CreateObjectMapping: 0.127000 ms MarkObjects: 3.104100 ms  DeleteObjects: 0.062600 ms)

Prepare: number of updated asset objects reloaded= 0
AssetImportParameters requested are different than current active one (requested -> active):
  custom:container-demuxer-ogg: 62fdf1f143b41e24485cea50d1cbac27 -> 
  custom:video-codec-MediaFoundation-h265: 746d11721c4dcdbdad8f713fa42b33f4 -> 
  custom:video-decoder-ogg-theora: a1e56fd34408186e4bbccfd4996cb3dc -> 
  custom:framework-win-MediaFoundation: 216162199b28c13a410421893ffa2e32 -> 
  custom:CustomObjectIndexerAttribute: 756ad292c208cfabdd7b50bc23989ffe -> 
  custom:container-demuxer-webm: 4f35f7cbe854078d1ac9338744f61a02 -> 
  custom:container-muxer-webm: aa71ff27fc2769a1b78a27578f13a17b -> 
  custom:video-decoder-webm-vp8: 9c59270c3fd7afecdb556c50c9e8de78 -> 
  custom:SearchIndexIgnoredProperties: e643bd26f0fe6173181afceb89e7c659 -> 
  custom:AudioImporter_EditorPlatform: d09bf68614088b80899f8185d706f6e7 -> 
  custom:video-encoder-webm-vp8: eb34c28f22e8b96e1ab97ce403110664 -> 
  custom:audio-decoder-ogg-vorbis: bf7c407c2cedff20999df2af8eb42d56 -> 
  custom:audio-encoder-webm-vorbis: bf7c407c2cedff20999df2af8eb42d56 -> 
========================================================================
Received Import Request.
  Time since last request: 71257.050077 seconds.
  path: Assets/Scenes/HowToPlay.unity
  artifactKey: Guid(169e1ec14fdfa51449e7998bc30959d6) Importer(815301076,1909f56bfc062723c751e8b465ee728b)
Start importing Assets/Scenes/HowToPlay.unity using Guid(169e1ec14fdfa51449e7998bc30959d6) Importer(815301076,1909f56bfc062723c751e8b465ee728b)  -> (artifact id: '676f3b23ec3c4afcc5d53b2679365dca') in 0.005538 seconds
Number of updated asset objects reloaded before import = 0
Number of asset objects unloaded after import = 0
========================================================================
Received Import Request.
  Time since last request: 18.797062 seconds.
  path: Assets/Scenes/Setting.unity
  artifactKey: Guid(c568ec2e7c9ad994e9f95345ffe1a09b) Importer(815301076,1909f56bfc062723c751e8b465ee728b)
Start importing Assets/Scenes/Setting.unity using Guid(c568ec2e7c9ad994e9f95345ffe1a09b) Importer(815301076,1909f56bfc062723c751e8b465ee728b)  -> (artifact id: 'd4721d6e4db6d7e0acfeaee2ed11f3f9') in 0.000432 seconds
Number of updated asset objects reloaded before import = 0
Number of asset objects unloaded after import = 0
========================================================================
Received Import Request.
  Time since last request: 1.952190 seconds.
  path: Assets/Scenes/SampleScene.unity
  artifactKey: Guid(9fc0d4010bbf28b4594072e72b8655ab) Importer(815301076,1909f56bfc062723c751e8b465ee728b)
Start importing Assets/Scenes/SampleScene.unity using Guid(9fc0d4010bbf28b4594072e72b8655ab) Importer(815301076,1909f56bfc062723c751e8b465ee728b)  -> (artifact id: 'a85bec50c8be757587fedfaade313866') in 0.001159 seconds
Number of updated asset objects reloaded before import = 0
Number of asset objects unloaded after import = 0
========================================================================
Received Import Request.
  Time since last request: 29.499236 seconds.
  path: Assets/Scenes/DifficultySelection.unity
  artifactKey: Guid(8c07b72762ae2014ca156ca9f1f8251b) Importer(815301076,1909f56bfc062723c751e8b465ee728b)
Start importing Assets/Scenes/DifficultySelection.unity using Guid(8c07b72762ae2014ca156ca9f1f8251b) Importer(815301076,1909f56bfc062723c751e8b465ee728b)  -> (artifact id: 'b344db82a7026aca22ffffc2faa6fc3d') in 0.000586 seconds
Number of updated asset objects reloaded before import = 0
Number of asset objects unloaded after import = 0
========================================================================
Received Import Request.
  Time since last request: 12.304069 seconds.
  path: Assets/Scenes/LevelSelection.unity
  artifactKey: Guid(859d18caf2c18ec4ea8b3773a63be7a4) Importer(815301076,1909f56bfc062723c751e8b465ee728b)
Start importing Assets/Scenes/LevelSelection.unity using Guid(859d18caf2c18ec4ea8b3773a63be7a4) Importer(815301076,1909f56bfc062723c751e8b465ee728b)  -> (artifact id: '1e55d870ff8addccdca37dd2ee86fed3') in 0.000449 seconds
Number of updated asset objects reloaded before import = 0
Number of asset objects unloaded after import = 0
========================================================================
Received Import Request.
  Time since last request: 47.545273 seconds.
  path: Assets/Scenes/InGame.unity
  artifactKey: Guid(84b87629d17367848b1b2f62b9137a20) Importer(815301076,1909f56bfc062723c751e8b465ee728b)
Start importing Assets/Scenes/InGame.unity using Guid(84b87629d17367848b1b2f62b9137a20) Importer(815301076,1909f56bfc062723c751e8b465ee728b)  -> (artifact id: '635e8551b7ac57cf5a9ee71e52416b0f') in 0.000461 seconds
Number of updated asset objects reloaded before import = 0
Number of asset objects unloaded after import = 0
========================================================================
Received Import Request.
  Time since last request: 38.518840 seconds.
  path: Assets/Scenes/WinGame.unity
  artifactKey: Guid(0a4667abc7aaadb4ba895256f3147ffb) Importer(815301076,1909f56bfc062723c751e8b465ee728b)
Start importing Assets/Scenes/WinGame.unity using Guid(0a4667abc7aaadb4ba895256f3147ffb) Importer(815301076,1909f56bfc062723c751e8b465ee728b)  -> (artifact id: 'bb24a4cae96b40b2a08fe79632d0cc82') in 0.000505 seconds
Number of updated asset objects reloaded before import = 0
Number of asset objects unloaded after import = 0
========================================================================
Received Import Request.
  Time since last request: 28.972273 seconds.
  path: Assets/Scenes/PauseGameMenu.unity
  artifactKey: Guid(9c2c89aa347a96640b50676f2cb86a1c) Importer(815301076,1909f56bfc062723c751e8b465ee728b)
Start importing Assets/Scenes/PauseGameMenu.unity using Guid(9c2c89aa347a96640b50676f2cb86a1c) Importer(815301076,1909f56bfc062723c751e8b465ee728b)  -> (artifact id: '2b3a6b6a198439706f87d8a99edc0143') in 0.000470 seconds
Number of updated asset objects reloaded before import = 0
Number of asset objects unloaded after import = 0
========================================================================
Received Import Request.
  Time since last request: 13.195514 seconds.
  path: Assets/Scenes/New SceneTemplate.scenetemplate
  artifactKey: Guid(192159d686769aa44861a5471b2b56fb) Importer(815301076,1909f56bfc062723c751e8b465ee728b)
Start importing Assets/Scenes/New SceneTemplate.scenetemplate using Guid(192159d686769aa44861a5471b2b56fb) Importer(815301076,1909f56bfc062723c751e8b465ee728b)  -> (artifact id: 'a326e30316a82b2942bbd0a8981714f4') in 0.024356 seconds
Number of updated asset objects reloaded before import = 0
Number of asset objects unloaded after import = 1
========================================================================
Received Import Request.
  Time since last request: 51.161553 seconds.
  path: Assets/Assets
  artifactKey: Guid(65aedc5eedaedfd4eae20c39d6090038) Importer(815301076,1909f56bfc062723c751e8b465ee728b)
Start importing Assets/Assets using Guid(65aedc5eedaedfd4eae20c39d6090038) Importer(815301076,1909f56bfc062723c751e8b465ee728b)  -> (artifact id: '50264567a4d9809c7914451288942f8e') in 0.000683 seconds
Number of updated asset objects reloaded before import = 0
Number of asset objects unloaded after import = 0
========================================================================
Received Import Request.
  Time since last request: 5.315170 seconds.
  path: Assets/Assets/Buttons
  artifactKey: Guid(00e54c17f1722fc48bc6b7f7da27707a) Importer(815301076,1909f56bfc062723c751e8b465ee728b)
Start importing Assets/Assets/Buttons using Guid(00e54c17f1722fc48bc6b7f7da27707a) Importer(815301076,1909f56bfc062723c751e8b465ee728b)  -> (artifact id: '4d0739c231e0e0027ff6e6028fc8a6e5') in 0.000457 seconds
Number of updated asset objects reloaded before import = 0
Number of asset objects unloaded after import = 0
========================================================================
Received Import Request.
  Time since last request: 4.428454 seconds.
  path: Assets/Assets/Sounds
  artifactKey: Guid(bd76fc42ab6637b479c0a91e332a5f2a) Importer(815301076,1909f56bfc062723c751e8b465ee728b)
Start importing Assets/Assets/Sounds using Guid(bd76fc42ab6637b479c0a91e332a5f2a) Importer(815301076,1909f56bfc062723c751e8b465ee728b)  -> (artifact id: 'b75a1825a9fb534357759c55b4a8c27f') in 0.000403 seconds
Number of updated asset objects reloaded before import = 0
Number of asset objects unloaded after import = 0
========================================================================
Received Import Request.
  Time since last request: 12.103688 seconds.
  path: Assets/Assets/Backgrounds
  artifactKey: Guid(c3a24bfa93ea3a94790244f4e5c8a710) Importer(815301076,1909f56bfc062723c751e8b465ee728b)
Start importing Assets/Assets/Backgrounds using Guid(c3a24bfa93ea3a94790244f4e5c8a710) Importer(815301076,1909f56bfc062723c751e8b465ee728b)  -> (artifact id: '39c13110922680c365f357154c2617a5') in 0.000569 seconds
Number of updated asset objects reloaded before import = 0
Number of asset objects unloaded after import = 0
========================================================================
Received Import Request.
  Time since last request: 23.480099 seconds.
  path: Assets/UI Assets
  artifactKey: Guid(65aedc5eedaedfd4eae20c39d6090038) Importer(815301076,1909f56bfc062723c751e8b465ee728b)
Start importing Assets/UI Assets using Guid(65aedc5eedaedfd4eae20c39d6090038) Importer(815301076,1909f56bfc062723c751e8b465ee728b)  -> (artifact id: '53980a060b0685c81004020597facd98') in 0.000461 seconds
Number of updated asset objects reloaded before import = 0
Number of asset objects unloaded after import = 0
========================================================================
Received Import Request.
  Time since last request: 46.271248 seconds.
  path: Assets/UI Assets/Textures
  artifactKey: Guid(fe51102a7ffd03d439a345a703f85a18) Importer(815301076,1909f56bfc062723c751e8b465ee728b)
Start importing Assets/UI Assets/Textures using Guid(fe51102a7ffd03d439a345a703f85a18) Importer(815301076,1909f56bfc062723c751e8b465ee728b)  -> (artifact id: '03f3b9a549955a9de11d82bb7e2af986') in 0.000447 seconds
Number of updated asset objects reloaded before import = 0
Number of asset objects unloaded after import = 0
========================================================================
Received Import Request.
  Time since last request: 10.683803 seconds.
  path: Assets/Scripts
  artifactKey: Guid(78b01a4bc25cba046b53251a000be6f5) Importer(815301076,1909f56bfc062723c751e8b465ee728b)
Start importing Assets/Scripts using Guid(78b01a4bc25cba046b53251a000be6f5) Importer(815301076,1909f56bfc062723c751e8b465ee728b)  -> (artifact id: '6e03427a901dc5d95b9f5356c95def1c') in 0.000472 seconds
Number of updated asset objects reloaded before import = 0
Number of asset objects unloaded after import = 0
========================================================================
Received Import Request.
  Time since last request: 18.443590 seconds.
  path: Assets/Scripts/New Folder
  artifactKey: Guid(ef0167c45904d254faf6c988f1cc1bef) Importer(815301076,1909f56bfc062723c751e8b465ee728b)
Start importing Assets/Scripts/New Folder using Guid(ef0167c45904d254faf6c988f1cc1bef) Importer(815301076,1909f56bfc062723c751e8b465ee728b)  -> (artifact id: '69c7187e03a5f56d77a4dd4b0ecef377') in 0.000416 seconds
Number of updated asset objects reloaded before import = 0
Number of asset objects unloaded after import = 0
========================================================================
Received Import Request.
  Time since last request: 88.286591 seconds.
  path: Assets/UI Assets/Backgrounds/night.jpg
  artifactKey: Guid(08ebd6ce2580bd94fbbe7f944fa504f0) Importer(815301076,1909f56bfc062723c751e8b465ee728b)
Start importing Assets/UI Assets/Backgrounds/night.jpg using Guid(08ebd6ce2580bd94fbbe7f944fa504f0) Importer(815301076,1909f56bfc062723c751e8b465ee728b)  -> (artifact id: '61ab2df0c873d90ab050804f57c2f6d5') in 0.041046 seconds
Number of updated asset objects reloaded before import = 0
Number of asset objects unloaded after import = 2
========================================================================
Received Import Request.
  Time since last request: 11.758340 seconds.
  path: Assets/UI Assets/Buttons/Button.png
  artifactKey: Guid(491b17da307a1d5498b8f4e23a9c7137) Importer(815301076,1909f56bfc062723c751e8b465ee728b)
Start importing Assets/UI Assets/Buttons/Button.png using Guid(491b17da307a1d5498b8f4e23a9c7137) Importer(815301076,1909f56bfc062723c751e8b465ee728b)  -> (artifact id: '40856d1c5854ed9797823866185eb790') in 0.015388 seconds
Number of updated asset objects reloaded before import = 0
Number of asset objects unloaded after import = 2
========================================================================
Received Import Request.
  Time since last request: 87.096621 seconds.
  path: Assets/UI Assets/Textures/Textures-16.png
  artifactKey: Guid(cf7cfaba1c02a3945aea3458dbe76bd7) Importer(815301076,1909f56bfc062723c751e8b465ee728b)
Start importing Assets/UI Assets/Textures/Textures-16.png using Guid(cf7cfaba1c02a3945aea3458dbe76bd7) Importer(815301076,1909f56bfc062723c751e8b465ee728b)  -> (artifact id: 'cf8d750c88fa82dce70a5ac9efd97f24') in 0.110663 seconds
Number of updated asset objects reloaded before import = 0
Number of asset objects unloaded after import = 52
========================================================================
Received Import Request.
  Time since last request: 6.768738 seconds.
  path: Assets/UI Assets/Textures/Textures.png
  artifactKey: Guid(cf7cfaba1c02a3945aea3458dbe76bd7) Importer(815301076,1909f56bfc062723c751e8b465ee728b)
Start importing Assets/UI Assets/Textures/Textures.png using Guid(cf7cfaba1c02a3945aea3458dbe76bd7) Importer(815301076,1909f56bfc062723c751e8b465ee728b)  -> (artifact id: 'd1421c8d17ddde9099280fa0aa4d9070') in 0.098357 seconds
Number of updated asset objects reloaded before import = 0
Number of asset objects unloaded after import = 52
========================================================================
Received Import Request.
  Time since last request: 1.235202 seconds.
  path: Assets/UI Assets/Buttons/Button.png
  artifactKey: Guid(ab960bce74cca404d8e578b4c6321a46) Importer(815301076,1909f56bfc062723c751e8b465ee728b)
Start importing Assets/UI Assets/Buttons/Button.png using Guid(ab960bce74cca404d8e578b4c6321a46) Importer(815301076,1909f56bfc062723c751e8b465ee728b)  -> (artifact id: 'bc1c6edb1c4e56522ceb79064c1b4889') in 0.114946 seconds
Number of updated asset objects reloaded before import = 0
Number of asset objects unloaded after import = 61
